0 info it worked if it ends with ok
1 verbose cli [ '/usr/bin/nodejs', '/usr/bin/npm', 'run', 'build' ]
2 info using npm@3.5.2
3 info using node@v4.2.6
4 verbose stack Error: Invalid version: "1.0"
4 verbose stack     at Object.module.exports.fixVersionField (/usr/share/npm/node_modules/normalize-package-data/lib/fixer.js:191:13)
4 verbose stack     at /usr/share/npm/node_modules/normalize-package-data/lib/normalize.js:32:38
4 verbose stack     at Array.forEach (native)
4 verbose stack     at normalize (/usr/share/npm/node_modules/normalize-package-data/lib/normalize.js:31:15)
4 verbose stack     at final (/usr/share/npm/node_modules/read-package-json/read-json.js:338:5)
4 verbose stack     at then (/usr/share/npm/node_modules/read-package-json/read-json.js:113:5)
4 verbose stack     at ReadFileContext.<anonymous> (/usr/share/npm/node_modules/read-package-json/read-json.js:284:20)
4 verbose stack     at ReadFileContext.callback (/usr/share/npm/node_modules/graceful-fs/graceful-fs.js:76:16)
4 verbose stack     at FSReqWrap.readFileAfterOpen [as oncomplete] (fs.js:303:13)
5 verbose cwd /home/fani/hack/ml/model_storage
6 error Linux 4.8.0-36-generic
7 error argv "/usr/bin/nodejs" "/usr/bin/npm" "run" "build"
8 error node v4.2.6
9 error npm  v3.5.2
10 error Invalid version: "1.0"
11 error If you need help, you may report this error at:
11 error     <https://github.com/npm/npm/issues>
12 verbose exit [ 1, true ]
